<?xml version="1.0" encoding="UTF-8"?>
<!-- Generated by org.testng.reporters.JUnitXMLReporter -->
<testsuite ignored="0" hostname="LAPTOP-KS6UVGBE" failures="2" tests="12" name="ChromeTest" time="188.193" errors="0" timestamp="2024-02-02T21:39:31 IST">
  <testcase classname="testCase.ManageExpenseTest" name="tc01_VerifyExpenseCategoryNewTitleCreation01" time="3.105"/>
  <testcase classname="testCase.ManageExpenseTest" name="tc02_AddNewExpenseVerification02" time="8.664"/>
  <testcase classname="testCase.ManageExpenseTest" name="tc03_SearchDataInExpenseTable" time="29.79">
    <skipped/>
  </testcase> <!-- tc03_SearchDataInExpenseTable -->
  <testcase classname="testCase.ManageExpenseTest" name="tc03_SearchDataInExpenseTable" time="30.045">
    <skipped/>
  </testcase> <!-- tc03_SearchDataInExpenseTable -->
  <testcase classname="testCase.ManageExpenseTest" name="tc03_SearchDataInExpenseTable" time="29.04">
    <skipped/>
  </testcase> <!-- tc03_SearchDataInExpenseTable -->
  <testcase classname="testCase.ManageExpenseTest" name="tc03_SearchDataInExpenseTable" time="29.473">
    <failure type="org.openqa.selenium.NoSuchElementException" message="no such element: Unable to locate element: {&amp;quot;method&amp;quot;:&amp;quot;xpath&amp;quot;,&amp;quot;selector&amp;quot;:&amp;quot;//table[@class=&amp;apos;table table-bordered table-hover table-sm&amp;apos;]//tbody//tr[2]//td//div[5][@class=&amp;apos;col-xs-12 col-sm-12&amp;apos;]//span//a&amp;quot;}
  (Session info: chrome=121.0.6167.87)
For documentation on this error, please visit: https://www.selenium.dev/documentation/webdriver/troubleshooting/errors#no-such-element-exception
Build info: version: &amp;apos;4.15.0&amp;apos;, revision: &amp;apos;1d14b5521b&amp;apos;
System info: os.name: &amp;apos;Windows 11&amp;apos;, os.arch: &amp;apos;amd64&amp;apos;, os.version: &amp;apos;10.0&amp;apos;, java.version: &amp;apos;17.0.8&amp;apos;
Driver info: org.openqa.selenium.chrome.ChromeDriver
Command: [937ecfa201796a7e6999a9b031ef3311, findElement {using=xpath, value=//table[@class=&amp;apos;table table-bordered table-hover table-sm&amp;apos;]//tbody//tr[2]//td//div[5][@class=&amp;apos;col-xs-12 col-sm-12&amp;apos;]//span//a}]
Capabilities {acceptInsecureCerts: false, browserName: chrome, browserVersion: 121.0.6167.87, chrome: {chromedriverVersion: 121.0.6167.85 (3f98d690ad7e..., userDataDir: C:\Users\DHIVIY~1\AppData\L...}, fedcm:accounts: true, goog:chromeOptions: {debuggerAddress: localhost:52401}, networkConnectionEnabled: false, pageLoadStrategy: normal, platformName: windows, proxy: Proxy(), se:cdp: ws://localhost:52401/devtoo..., se:cdpVersion: 121.0.6167.87, setWindowRect: true, strictFileInteractability: false, timeouts: {implicit: 0, pageLoad: 300000, script: 30000}, unhandledPromptBehavior: dismiss and notify, webauthn:extension:credBlob: true, webauthn:extension:largeBlob: true, webauthn:extension:minPinLength: true, webauthn:extension:prf: true, webauthn:virtualAuthenticators: true}
Session ID: 937ecfa201796a7e6999a9b031ef3311">
      <![CDATA[org.openqa.selenium.NoSuchElementException: no such element: Unable to locate element: {"method":"xpath","selector":"//table[@class='table table-bordered table-hover table-sm']//tbody//tr[2]//td//div[5][@class='col-xs-12 col-sm-12']//span//a"}
  (Session info: chrome=121.0.6167.87)
For documentation on this error, please visit: https://www.selenium.dev/documentation/webdriver/troubleshooting/errors#no-such-element-exception
Build info: version: '4.15.0', revision: '1d14b5521b'
System info: os.name: 'Windows 11', os.arch: 'amd64', os.version: '10.0', java.version: '17.0.8'
Driver info: org.openqa.selenium.chrome.ChromeDriver
Command: [937ecfa201796a7e6999a9b031ef3311, findElement {using=xpath, value=//table[@class='table table-bordered table-hover table-sm']//tbody//tr[2]//td//div[5][@class='col-xs-12 col-sm-12']//span//a}]
Capabilities {acceptInsecureCerts: false, browserName: chrome, browserVersion: 121.0.6167.87, chrome: {chromedriverVersion: 121.0.6167.85 (3f98d690ad7e..., userDataDir: C:\Users\DHIVIY~1\AppData\L...}, fedcm:accounts: true, goog:chromeOptions: {debuggerAddress: localhost:52401}, networkConnectionEnabled: false, pageLoadStrategy: normal, platformName: windows, proxy: Proxy(), se:cdp: ws://localhost:52401/devtoo..., se:cdpVersion: 121.0.6167.87, setWindowRect: true, strictFileInteractability: false, timeouts: {implicit: 0, pageLoad: 300000, script: 30000}, unhandledPromptBehavior: dismiss and notify, webauthn:extension:credBlob: true, webauthn:extension:largeBlob: true, webauthn:extension:minPinLength: true, webauthn:extension:prf: true, webauthn:virtualAuthenticators: true}
Session ID: 937ecfa201796a7e6999a9b031ef3311
at org.openqa.selenium.remote.codec.w3c.W3CHttpResponseCodec.createException(W3CHttpResponseCodec.java:200)
at org.openqa.selenium.remote.codec.w3c.W3CHttpResponseCodec.decode(W3CHttpResponseCodec.java:133)
at org.openqa.selenium.remote.codec.w3c.W3CHttpResponseCodec.decode(W3CHttpResponseCodec.java:52)
at org.openqa.selenium.remote.HttpCommandExecutor.execute(HttpCommandExecutor.java:191)
at org.openqa.selenium.remote.service.DriverCommandExecutor.invokeExecute(DriverCommandExecutor.java:200)
at org.openqa.selenium.remote.service.DriverCommandExecutor.execute(DriverCommandExecutor.java:175)
at org.openqa.selenium.remote.RemoteWebDriver.execute(RemoteWebDriver.java:607)
at org.openqa.selenium.remote.ElementLocation$ElementFinder$2.findElement(ElementLocation.java:165)
at org.openqa.selenium.remote.ElementLocation.findElement(ElementLocation.java:59)
at org.openqa.selenium.remote.RemoteWebDriver.findElement(RemoteWebDriver.java:364)
at org.openqa.selenium.remote.RemoteWebDriver.findElement(RemoteWebDriver.java:358)
at elementRepository.ManageExpense.clickFileInViewMore(ManageExpense.java:278)
at testCase.ManageExpenseTest.tc03_SearchDataInExpenseTable(ManageExpenseTest.java:100)
at java.base/java.util.ArrayList.forEach(ArrayList.java:1511)
at java.base/java.util.concurrent.FutureTask.run(FutureTask.java:264)
at java.base/java.util.concurrent.ThreadPoolExecutor.runWorker(ThreadPoolExecutor.java:1136)
at java.base/java.util.concurrent.ThreadPoolExecutor$Worker.run(ThreadPoolExecutor.java:635)
at java.base/java.lang.Thread.run(Thread.java:833)
... Removed 22 stack frames]]>
    </failure>
  </testcase> <!-- tc03_SearchDataInExpenseTable -->
  <testcase classname="testCase.ManageExpenseTest" name="tc04_EditExpenseSavedData03" time="4.041">
    <skipped/>
  </testcase> <!-- tc04_EditExpenseSavedData03 -->
  <testcase classname="testCase.ManageExpenseTest" name="tc04_EditExpenseSavedData03" time="5.428"/>
  <testcase classname="testCase.ManageExpenseTest" name="tc05_DeleteExpenseSavedDatainTable" time="2.538">
    <skipped/>
  </testcase> <!-- tc05_DeleteExpenseSavedDatainTable -->
  <testcase classname="testCase.ManageExpenseTest" name="tc05_DeleteExpenseSavedDatainTable" time="2.625">
    <skipped/>
  </testcase> <!-- tc05_DeleteExpenseSavedDatainTable -->
  <testcase classname="testCase.ManageExpenseTest" name="tc05_DeleteExpenseSavedDatainTable" time="2.625">
    <skipped/>
  </testcase> <!-- tc05_DeleteExpenseSavedDatainTable -->
  <testcase classname="testCase.ManageExpenseTest" name="tc05_DeleteExpenseSavedDatainTable" time="2.658">
    <failure type="java.lang.AssertionError" message="::The delete Success message doesn&amp;apos;t match expected [Alert!
Expense Record Deleted Successfully] but found [×
Alert!
Expense Record Deleted Successfully]">
      <![CDATA[java.lang.AssertionError: ::The delete Success message doesn't match expected [Alert!
Expense Record Deleted Successfully] but found [×
Alert!
Expense Record Deleted Successfully]
at testCase.ManageExpenseTest.tc05_DeleteExpenseSavedDatainTable(ManageExpenseTest.java:165)
at java.base/java.util.ArrayList.forEach(ArrayList.java:1511)
at java.base/java.util.concurrent.FutureTask.run(FutureTask.java:264)
at java.base/java.util.concurrent.ThreadPoolExecutor.runWorker(ThreadPoolExecutor.java:1136)
at java.base/java.util.concurrent.ThreadPoolExecutor$Worker.run(ThreadPoolExecutor.java:635)
at java.base/java.lang.Thread.run(Thread.java:833)
... Removed 22 stack frames]]>
    </failure>
  </testcase> <!-- tc05_DeleteExpenseSavedDatainTable -->
</testsuite> <!-- ChromeTest -->
