<!DOCTYPE html>

<html>
  <head>
  <meta charset='utf-8'>
  <title>TestNG reports</title>

    <link type="text/css" href="testng-reports1.css" rel="stylesheet" id="ultra" />
    <link type="text/css" href="testng-reports.css" rel="stylesheet" id="retro" disabled="false"/>
    <script type="text/javascript" src="jquery-3.6.0.min.js"></script>
    <script type="text/javascript" src="testng-reports.js"></script>
    <script type="text/javascript" src="https://www.google.com/jsapi"></script>
    <script type='text/javascript'>
      google.load('visualization', '1', {packages:['table']});
      google.setOnLoadCallback(drawTable);
      var suiteTableInitFunctions = new Array();
      var suiteTableData = new Array();
    </script>
    <!--
      <script type="text/javascript" src="jquery-ui/js/jquery-ui-1.8.16.custom.min.js"></script>
     -->
  </head>

  <body>    <div class="top-banner-root">
      <span class="top-banner-title-font">Test results</span>
      <button id="button" class="button">Switch Retro Theme</button> <!-- button -->
      <br/>
      <span class="top-banner-font-1">1 suite, 2 failed tests</span>
    </div> <!-- top-banner-root -->
    <div class="navigator-root">
      <div class="navigator-suite-header">
        <span>All suites</span>
        <a href="#" title="Collapse/expand all the suites" class="collapse-all-link">
          <img src="collapseall.gif" class="collapse-all-icon">
          </img> <!-- collapse-all-icon -->
        </a> <!-- collapse-all-link -->
      </div> <!-- navigator-suite-header -->
      <div class="suite">
        <div class="rounded-window">
          <div class="suite-header light-rounded-window-top">
            <a href="#" panel-name="suite-GroceryApplication" class="navigator-link">
              <span class="suite-name border-failed">GroceryApplication</span>
            </a> <!-- navigator-link -->
          </div> <!-- suite-header light-rounded-window-top -->
          <div class="navigator-suite-content">
            <div class="suite-section-title">
              <span>Info</span>
            </div> <!-- suite-section-title -->
            <div class="suite-section-content">
              <ul>
                <li>
                  <a href="#" panel-name="test-xml-GroceryApplication" class="navigator-link ">
                    <span>C:\Users\DhiviyaPrakash\git\Selenium-project-repository\7rMart\TestNewTestcases.xml</span>
                  </a> <!-- navigator-link  -->
                </li>
                <li>
                  <a href="#" panel-name="testlist-GroceryApplication" class="navigator-link ">
                    <span class="test-stats">1 test</span>
                  </a> <!-- navigator-link  -->
                </li>
                <li>
                  <a href="#" panel-name="group-GroceryApplication" class="navigator-link ">
                    <span>1 group</span>
                  </a> <!-- navigator-link  -->
                </li>
                <li>
                  <a href="#" panel-name="times-GroceryApplication" class="navigator-link ">
                    <span>Times</span>
                  </a> <!-- navigator-link  -->
                </li>
                <li>
                  <a href="#" panel-name="reporter-GroceryApplication" class="navigator-link ">
                    <span>Reporter output</span>
                  </a> <!-- navigator-link  -->
                </li>
                <li>
                  <a href="#" panel-name="ignored-methods-GroceryApplication" class="navigator-link ">
                    <span>Ignored methods</span>
                  </a> <!-- navigator-link  -->
                </li>
                <li>
                  <a href="#" panel-name="chronological-GroceryApplication" class="navigator-link ">
                    <span>Chronological view</span>
                  </a> <!-- navigator-link  -->
                </li>
              </ul>
            </div> <!-- suite-section-content -->
            <div class="result-section">
              <div class="suite-section-title">
                <span>Results</span>
              </div> <!-- suite-section-title -->
              <div class="suite-section-content">
                <ul>
                  <li>
                    <span class="method-stats">12 methods, 2 failed,  7 skipped,  3 passed</span>
                  </li>
                  <li>
                    <span class="method-list-title failed">Failed methods</span>
                    <span class="show-or-hide-methods failed">
                      <a href="#" panel-name="suite-GroceryApplication" class="hide-methods failed suite-GroceryApplication"> (hide)</a> <!-- hide-methods failed suite-GroceryApplication -->
                      <a href="#" panel-name="suite-GroceryApplication" class="show-methods failed suite-GroceryApplication"> (show)</a> <!-- show-methods failed suite-GroceryApplication -->
                    </span>
                    <div class="method-list-content failed suite-GroceryApplication">
                      <span>
                        <img src="failed.png" width="3%"/>
                        <a href="#" panel-name="suite-GroceryApplication" title="testCase.ManageExpenseTest" class="method navigator-link" hash-for-method="tc03_SearchDataInExpenseTable">tc03_SearchDataInExpenseTable</a> <!-- method navigator-link -->
                      </span>
                      <br/>
                      <span>
                        <img src="failed.png" width="3%"/>
                        <a href="#" panel-name="suite-GroceryApplication" title="testCase.ManageExpenseTest" class="method navigator-link" hash-for-method="tc05_DeleteExpenseSavedDatainTable">tc05_DeleteExpenseSavedDatainTable</a> <!-- method navigator-link -->
                      </span>
                      <br/>
                    </div> <!-- method-list-content failed suite-GroceryApplication -->
                  </li>
                  <li>
                    <span class="method-list-title skipped">Retried methods</span>
                    <span class="show-or-hide-methods skipped">
                      <a href="#" panel-name="suite-GroceryApplication" class="hide-methods skipped suite-GroceryApplication"> (hide)</a> <!-- hide-methods skipped suite-GroceryApplication -->
                      <a href="#" panel-name="suite-GroceryApplication" class="show-methods skipped suite-GroceryApplication"> (show)</a> <!-- show-methods skipped suite-GroceryApplication -->
                    </span>
                    <div class="method-list-content skipped suite-GroceryApplication">
                      <span>
                        <img src="skipped.png" width="3%"/>
                        <a href="#" panel-name="suite-GroceryApplication" title="testCase.ManageExpenseTest" class="method navigator-link" hash-for-method="tc03_SearchDataInExpenseTable">tc03_SearchDataInExpenseTable</a> <!-- method navigator-link -->
                      </span>
                      <br/>
                      <span>
                        <img src="skipped.png" width="3%"/>
                        <a href="#" panel-name="suite-GroceryApplication" title="testCase.ManageExpenseTest" class="method navigator-link" hash-for-method="tc03_SearchDataInExpenseTable">tc03_SearchDataInExpenseTable</a> <!-- method navigator-link -->
                      </span>
                      <br/>
                      <span>
                        <img src="skipped.png" width="3%"/>
                        <a href="#" panel-name="suite-GroceryApplication" title="testCase.ManageExpenseTest" class="method navigator-link" hash-for-method="tc03_SearchDataInExpenseTable">tc03_SearchDataInExpenseTable</a> <!-- method navigator-link -->
                      </span>
                      <br/>
                      <span>
                        <img src="skipped.png" width="3%"/>
                        <a href="#" panel-name="suite-GroceryApplication" title="testCase.ManageExpenseTest" class="method navigator-link" hash-for-method="tc04_EditExpenseSavedData03">tc04_EditExpenseSavedData03</a> <!-- method navigator-link -->
                      </span>
                      <br/>
                      <span>
                        <img src="skipped.png" width="3%"/>
                        <a href="#" panel-name="suite-GroceryApplication" title="testCase.ManageExpenseTest" class="method navigator-link" hash-for-method="tc05_DeleteExpenseSavedDatainTable">tc05_DeleteExpenseSavedDatainTable</a> <!-- method navigator-link -->
                      </span>
                      <br/>
                      <span>
                        <img src="skipped.png" width="3%"/>
                        <a href="#" panel-name="suite-GroceryApplication" title="testCase.ManageExpenseTest" class="method navigator-link" hash-for-method="tc05_DeleteExpenseSavedDatainTable">tc05_DeleteExpenseSavedDatainTable</a> <!-- method navigator-link -->
                      </span>
                      <br/>
                      <span>
                        <img src="skipped.png" width="3%"/>
                        <a href="#" panel-name="suite-GroceryApplication" title="testCase.ManageExpenseTest" class="method navigator-link" hash-for-method="tc05_DeleteExpenseSavedDatainTable">tc05_DeleteExpenseSavedDatainTable</a> <!-- method navigator-link -->
                      </span>
                      <br/>
                    </div> <!-- method-list-content skipped suite-GroceryApplication -->
                  </li>
                  <li>
                    <span class="method-list-title passed">Passed methods</span>
                    <span class="show-or-hide-methods passed">
                      <a href="#" panel-name="suite-GroceryApplication" class="hide-methods passed suite-GroceryApplication"> (hide)</a> <!-- hide-methods passed suite-GroceryApplication -->
                      <a href="#" panel-name="suite-GroceryApplication" class="show-methods passed suite-GroceryApplication"> (show)</a> <!-- show-methods passed suite-GroceryApplication -->
                    </span>
                    <div class="method-list-content passed suite-GroceryApplication">
                      <span>
                        <img src="passed.png" width="3%"/>
                        <a href="#" panel-name="suite-GroceryApplication" title="testCase.ManageExpenseTest" class="method navigator-link" hash-for-method="tc01_VerifyExpenseCategoryNewTitleCreation01">tc01_VerifyExpenseCategoryNewTitleCreation01</a> <!-- method navigator-link -->
                      </span>
                      <br/>
                      <span>
                        <img src="passed.png" width="3%"/>
                        <a href="#" panel-name="suite-GroceryApplication" title="testCase.ManageExpenseTest" class="method navigator-link" hash-for-method="tc02_AddNewExpenseVerification02">tc02_AddNewExpenseVerification02</a> <!-- method navigator-link -->
                      </span>
                      <br/>
                      <span>
                        <img src="passed.png" width="3%"/>
                        <a href="#" panel-name="suite-GroceryApplication" title="testCase.ManageExpenseTest" class="method navigator-link" hash-for-method="tc04_EditExpenseSavedData03">tc04_EditExpenseSavedData03</a> <!-- method navigator-link -->
                      </span>
                      <br/>
                    </div> <!-- method-list-content passed suite-GroceryApplication -->
                  </li>
                </ul>
              </div> <!-- suite-section-content -->
            </div> <!-- result-section -->
          </div> <!-- navigator-suite-content -->
        </div> <!-- rounded-window -->
      </div> <!-- suite -->
    </div> <!-- navigator-root -->
    <div class="wrapper">
      <div class="main-panel-root">
        <div panel-name="suite-GroceryApplication" class="panel GroceryApplication">
          <div class="suite-GroceryApplication-class-failed">
            <div class="main-panel-header rounded-window-top">
              <img src="failed.png"/>
              <span class="class-name">testCase.ManageExpenseTest</span>
            </div> <!-- main-panel-header rounded-window-top -->
            <div class="main-panel-content rounded-window-bottom">
              <div class="method">
                <div class="method-content">
                  <a name="tc03_SearchDataInExpenseTable">
                  </a> <!-- tc03_SearchDataInExpenseTable -->
                  <span class="method-name">tc03_SearchDataInExpenseTable</span>
                  <div class="stack-trace">org.openqa.selenium.NoSuchElementException: no such element: Unable to locate element: {&quot;method&quot;:&quot;xpath&quot;,&quot;selector&quot;:&quot;//table[@class=&apos;table table-bordered table-hover table-sm&apos;]//tbody//tr[2]//td//div[5][@class=&apos;col-xs-12 col-sm-12&apos;]//span//a&quot;}
  (Session info: chrome=121.0.6167.87)
For documentation on this error, please visit: https://www.selenium.dev/documentation/webdriver/troubleshooting/errors#no-such-element-exception
Build info: version: &apos;4.15.0&apos;, revision: &apos;1d14b5521b&apos;
System info: os.name: &apos;Windows 11&apos;, os.arch: &apos;amd64&apos;, os.version: &apos;10.0&apos;, java.version: &apos;17.0.8&apos;
Driver info: org.openqa.selenium.chrome.ChromeDriver
Command: [937ecfa201796a7e6999a9b031ef3311, findElement {using=xpath, value=//table[@class=&apos;table table-bordered table-hover table-sm&apos;]//tbody//tr[2]//td//div[5][@class=&apos;col-xs-12 col-sm-12&apos;]//span//a}]
Capabilities {acceptInsecureCerts: false, browserName: chrome, browserVersion: 121.0.6167.87, chrome: {chromedriverVersion: 121.0.6167.85 (3f98d690ad7e..., userDataDir: C:\Users\DHIVIY~1\AppData\L...}, fedcm:accounts: true, goog:chromeOptions: {debuggerAddress: localhost:52401}, networkConnectionEnabled: false, pageLoadStrategy: normal, platformName: windows, proxy: Proxy(), se:cdp: ws://localhost:52401/devtoo..., se:cdpVersion: 121.0.6167.87, setWindowRect: true, strictFileInteractability: false, timeouts: {implicit: 0, pageLoad: 300000, script: 30000}, unhandledPromptBehavior: dismiss and notify, webauthn:extension:credBlob: true, webauthn:extension:largeBlob: true, webauthn:extension:minPinLength: true, webauthn:extension:prf: true, webauthn:virtualAuthenticators: true}
Session ID: 937ecfa201796a7e6999a9b031ef3311
	at org.openqa.selenium.remote.codec.w3c.W3CHttpResponseCodec.createException(W3CHttpResponseCodec.java:200)
	at org.openqa.selenium.remote.codec.w3c.W3CHttpResponseCodec.decode(W3CHttpResponseCodec.java:133)
	at org.openqa.selenium.remote.codec.w3c.W3CHttpResponseCodec.decode(W3CHttpResponseCodec.java:52)
	at org.openqa.selenium.remote.HttpCommandExecutor.execute(HttpCommandExecutor.java:191)
	at org.openqa.selenium.remote.service.DriverCommandExecutor.invokeExecute(DriverCommandExecutor.java:200)
	at org.openqa.selenium.remote.service.DriverCommandExecutor.execute(DriverCommandExecutor.java:175)
	at org.openqa.selenium.remote.RemoteWebDriver.execute(RemoteWebDriver.java:607)
	at org.openqa.selenium.remote.ElementLocation$ElementFinder$2.findElement(ElementLocation.java:165)
	at org.openqa.selenium.remote.ElementLocation.findElement(ElementLocation.java:59)
	at org.openqa.selenium.remote.RemoteWebDriver.findElement(RemoteWebDriver.java:364)
	at org.openqa.selenium.remote.RemoteWebDriver.findElement(RemoteWebDriver.java:358)
	at elementRepository.ManageExpense.clickFileInViewMore(ManageExpense.java:278)
	at testCase.ManageExpenseTest.tc03_SearchDataInExpenseTable(ManageExpenseTest.java:100)
	at java.base/java.util.ArrayList.forEach(ArrayList.java:1511)
	at java.base/java.util.concurrent.FutureTask.run(FutureTask.java:264)
	at java.base/java.util.concurrent.ThreadPoolExecutor.runWorker(ThreadPoolExecutor.java:1136)
	at java.base/java.util.concurrent.ThreadPoolExecutor$Worker.run(ThreadPoolExecutor.java:635)
	at java.base/java.lang.Thread.run(Thread.java:833)
... Removed 22 stack frames
</div> <!-- stack-trace -->
                </div> <!-- method-content -->
              </div> <!-- method -->
              <div class="method">
                <div class="method-content">
                  <a name="tc05_DeleteExpenseSavedDatainTable">
                  </a> <!-- tc05_DeleteExpenseSavedDatainTable -->
                  <span class="method-name">tc05_DeleteExpenseSavedDatainTable</span>
                  <div class="stack-trace">java.lang.AssertionError: ::The delete Success message doesn&apos;t match expected [Alert!
Expense Record Deleted Successfully] but found [×
Alert!
Expense Record Deleted Successfully]
	at testCase.ManageExpenseTest.tc05_DeleteExpenseSavedDatainTable(ManageExpenseTest.java:165)
	at java.base/java.util.ArrayList.forEach(ArrayList.java:1511)
	at java.base/java.util.concurrent.FutureTask.run(FutureTask.java:264)
	at java.base/java.util.concurrent.ThreadPoolExecutor.runWorker(ThreadPoolExecutor.java:1136)
	at java.base/java.util.concurrent.ThreadPoolExecutor$Worker.run(ThreadPoolExecutor.java:635)
	at java.base/java.lang.Thread.run(Thread.java:833)
... Removed 22 stack frames
</div> <!-- stack-trace -->
                </div> <!-- method-content -->
              </div> <!-- method -->
            </div> <!-- main-panel-content rounded-window-bottom -->
          </div> <!-- suite-GroceryApplication-class-failed -->
          <div class="suite-GroceryApplication-class-skipped">
            <div class="main-panel-header rounded-window-top">
              <img src="skipped.png"/>
              <span class="class-name">testCase.ManageExpenseTest</span>
            </div> <!-- main-panel-header rounded-window-top -->
            <div class="main-panel-content rounded-window-bottom">
              <div class="method">
                <div class="method-content">
                  <a name="tc03_SearchDataInExpenseTable">
                  </a> <!-- tc03_SearchDataInExpenseTable -->
                  <span class="method-name">tc03_SearchDataInExpenseTable</span>
                  <div class="stack-trace">org.openqa.selenium.NoSuchElementException: no such element: Unable to locate element: {&quot;method&quot;:&quot;xpath&quot;,&quot;selector&quot;:&quot;//table[@class=&apos;table table-bordered table-hover table-sm&apos;]//tbody//tr[2]//td//div[5][@class=&apos;col-xs-12 col-sm-12&apos;]//span//a&quot;}
  (Session info: chrome=121.0.6167.87)
For documentation on this error, please visit: https://www.selenium.dev/documentation/webdriver/troubleshooting/errors#no-such-element-exception
Build info: version: &apos;4.15.0&apos;, revision: &apos;1d14b5521b&apos;
System info: os.name: &apos;Windows 11&apos;, os.arch: &apos;amd64&apos;, os.version: &apos;10.0&apos;, java.version: &apos;17.0.8&apos;
Driver info: org.openqa.selenium.chrome.ChromeDriver
Command: [82b9b70183e086766e835953043001ad, findElement {using=xpath, value=//table[@class=&apos;table table-bordered table-hover table-sm&apos;]//tbody//tr[2]//td//div[5][@class=&apos;col-xs-12 col-sm-12&apos;]//span//a}]
Capabilities {acceptInsecureCerts: false, browserName: chrome, browserVersion: 121.0.6167.87, chrome: {chromedriverVersion: 121.0.6167.85 (3f98d690ad7e..., userDataDir: C:\Users\DHIVIY~1\AppData\L...}, fedcm:accounts: true, goog:chromeOptions: {debuggerAddress: localhost:52296}, networkConnectionEnabled: false, pageLoadStrategy: normal, platformName: windows, proxy: Proxy(), se:cdp: ws://localhost:52296/devtoo..., se:cdpVersion: 121.0.6167.87, setWindowRect: true, strictFileInteractability: false, timeouts: {implicit: 0, pageLoad: 300000, script: 30000}, unhandledPromptBehavior: dismiss and notify, webauthn:extension:credBlob: true, webauthn:extension:largeBlob: true, webauthn:extension:minPinLength: true, webauthn:extension:prf: true, webauthn:virtualAuthenticators: true}
Session ID: 82b9b70183e086766e835953043001ad
	at org.openqa.selenium.remote.codec.w3c.W3CHttpResponseCodec.createException(W3CHttpResponseCodec.java:200)
	at org.openqa.selenium.remote.codec.w3c.W3CHttpResponseCodec.decode(W3CHttpResponseCodec.java:133)
	at org.openqa.selenium.remote.codec.w3c.W3CHttpResponseCodec.decode(W3CHttpResponseCodec.java:52)
	at org.openqa.selenium.remote.HttpCommandExecutor.execute(HttpCommandExecutor.java:191)
	at org.openqa.selenium.remote.service.DriverCommandExecutor.invokeExecute(DriverCommandExecutor.java:200)
	at org.openqa.selenium.remote.service.DriverCommandExecutor.execute(DriverCommandExecutor.java:175)
	at org.openqa.selenium.remote.RemoteWebDriver.execute(RemoteWebDriver.java:607)
	at org.openqa.selenium.remote.ElementLocation$ElementFinder$2.findElement(ElementLocation.java:165)
	at org.openqa.selenium.remote.ElementLocation.findElement(ElementLocation.java:59)
	at org.openqa.selenium.remote.RemoteWebDriver.findElement(RemoteWebDriver.java:364)
	at org.openqa.selenium.remote.RemoteWebDriver.findElement(RemoteWebDriver.java:358)
	at elementRepository.ManageExpense.clickFileInViewMore(ManageExpense.java:278)
	at testCase.ManageExpenseTest.tc03_SearchDataInExpenseTable(ManageExpenseTest.java:100)
	at java.base/java.util.ArrayList.forEach(ArrayList.java:1511)
	at java.base/java.util.concurrent.FutureTask.run(FutureTask.java:264)
	at java.base/java.util.concurrent.ThreadPoolExecutor.runWorker(ThreadPoolExecutor.java:1136)
	at java.base/java.util.concurrent.ThreadPoolExecutor$Worker.run(ThreadPoolExecutor.java:635)
	at java.base/java.lang.Thread.run(Thread.java:833)
... Removed 22 stack frames
</div> <!-- stack-trace -->
                </div> <!-- method-content -->
              </div> <!-- method -->
              <div class="method">
                <div class="method-content">
                  <a name="tc03_SearchDataInExpenseTable">
                  </a> <!-- tc03_SearchDataInExpenseTable -->
                  <span class="method-name">tc03_SearchDataInExpenseTable</span>
                  <div class="stack-trace">org.openqa.selenium.NoSuchElementException: no such element: Unable to locate element: {&quot;method&quot;:&quot;xpath&quot;,&quot;selector&quot;:&quot;//table[@class=&apos;table table-bordered table-hover table-sm&apos;]//tbody//tr[2]//td//div[5][@class=&apos;col-xs-12 col-sm-12&apos;]//span//a&quot;}
  (Session info: chrome=121.0.6167.87)
For documentation on this error, please visit: https://www.selenium.dev/documentation/webdriver/troubleshooting/errors#no-such-element-exception
Build info: version: &apos;4.15.0&apos;, revision: &apos;1d14b5521b&apos;
System info: os.name: &apos;Windows 11&apos;, os.arch: &apos;amd64&apos;, os.version: &apos;10.0&apos;, java.version: &apos;17.0.8&apos;
Driver info: org.openqa.selenium.chrome.ChromeDriver
Command: [072c632bff61da735ca5ec32f575e8d5, findElement {using=xpath, value=//table[@class=&apos;table table-bordered table-hover table-sm&apos;]//tbody//tr[2]//td//div[5][@class=&apos;col-xs-12 col-sm-12&apos;]//span//a}]
Capabilities {acceptInsecureCerts: false, browserName: chrome, browserVersion: 121.0.6167.87, chrome: {chromedriverVersion: 121.0.6167.85 (3f98d690ad7e..., userDataDir: C:\Users\DHIVIY~1\AppData\L...}, fedcm:accounts: true, goog:chromeOptions: {debuggerAddress: localhost:52345}, networkConnectionEnabled: false, pageLoadStrategy: normal, platformName: windows, proxy: Proxy(), se:cdp: ws://localhost:52345/devtoo..., se:cdpVersion: 121.0.6167.87, setWindowRect: true, strictFileInteractability: false, timeouts: {implicit: 0, pageLoad: 300000, script: 30000}, unhandledPromptBehavior: dismiss and notify, webauthn:extension:credBlob: true, webauthn:extension:largeBlob: true, webauthn:extension:minPinLength: true, webauthn:extension:prf: true, webauthn:virtualAuthenticators: true}
Session ID: 072c632bff61da735ca5ec32f575e8d5
	at org.openqa.selenium.remote.codec.w3c.W3CHttpResponseCodec.createException(W3CHttpResponseCodec.java:200)
	at org.openqa.selenium.remote.codec.w3c.W3CHttpResponseCodec.decode(W3CHttpResponseCodec.java:133)
	at org.openqa.selenium.remote.codec.w3c.W3CHttpResponseCodec.decode(W3CHttpResponseCodec.java:52)
	at org.openqa.selenium.remote.HttpCommandExecutor.execute(HttpCommandExecutor.java:191)
	at org.openqa.selenium.remote.service.DriverCommandExecutor.invokeExecute(DriverCommandExecutor.java:200)
	at org.openqa.selenium.remote.service.DriverCommandExecutor.execute(DriverCommandExecutor.java:175)
	at org.openqa.selenium.remote.RemoteWebDriver.execute(RemoteWebDriver.java:607)
	at org.openqa.selenium.remote.ElementLocation$ElementFinder$2.findElement(ElementLocation.java:165)
	at org.openqa.selenium.remote.ElementLocation.findElement(ElementLocation.java:59)
	at org.openqa.selenium.remote.RemoteWebDriver.findElement(RemoteWebDriver.java:364)
	at org.openqa.selenium.remote.RemoteWebDriver.findElement(RemoteWebDriver.java:358)
	at elementRepository.ManageExpense.clickFileInViewMore(ManageExpense.java:278)
	at testCase.ManageExpenseTest.tc03_SearchDataInExpenseTable(ManageExpenseTest.java:100)
	at java.base/java.util.ArrayList.forEach(ArrayList.java:1511)
	at java.base/java.util.concurrent.FutureTask.run(FutureTask.java:264)
	at java.base/java.util.concurrent.ThreadPoolExecutor.runWorker(ThreadPoolExecutor.java:1136)
	at java.base/java.util.concurrent.ThreadPoolExecutor$Worker.run(ThreadPoolExecutor.java:635)
	at java.base/java.lang.Thread.run(Thread.java:833)
... Removed 22 stack frames
</div> <!-- stack-trace -->
                </div> <!-- method-content -->
              </div> <!-- method -->
              <div class="method">
                <div class="method-content">
                  <a name="tc03_SearchDataInExpenseTable">
                  </a> <!-- tc03_SearchDataInExpenseTable -->
                  <span class="method-name">tc03_SearchDataInExpenseTable</span>
                  <div class="stack-trace">org.openqa.selenium.NoSuchElementException: no such element: Unable to locate element: {&quot;method&quot;:&quot;xpath&quot;,&quot;selector&quot;:&quot;//table[@class=&apos;table table-bordered table-hover table-sm&apos;]//tbody//tr[2]//td//div[5][@class=&apos;col-xs-12 col-sm-12&apos;]//span//a&quot;}
  (Session info: chrome=121.0.6167.87)
For documentation on this error, please visit: https://www.selenium.dev/documentation/webdriver/troubleshooting/errors#no-such-element-exception
Build info: version: &apos;4.15.0&apos;, revision: &apos;1d14b5521b&apos;
System info: os.name: &apos;Windows 11&apos;, os.arch: &apos;amd64&apos;, os.version: &apos;10.0&apos;, java.version: &apos;17.0.8&apos;
Driver info: org.openqa.selenium.chrome.ChromeDriver
Command: [fc9bf6238c5d14cfa151e36d4ac35486, findElement {using=xpath, value=//table[@class=&apos;table table-bordered table-hover table-sm&apos;]//tbody//tr[2]//td//div[5][@class=&apos;col-xs-12 col-sm-12&apos;]//span//a}]
Capabilities {acceptInsecureCerts: false, browserName: chrome, browserVersion: 121.0.6167.87, chrome: {chromedriverVersion: 121.0.6167.85 (3f98d690ad7e..., userDataDir: C:\Users\DHIVIY~1\AppData\L...}, fedcm:accounts: true, goog:chromeOptions: {debuggerAddress: localhost:52240}, networkConnectionEnabled: false, pageLoadStrategy: normal, platformName: windows, proxy: Proxy(), se:cdp: ws://localhost:52240/devtoo..., se:cdpVersion: 121.0.6167.87, setWindowRect: true, strictFileInteractability: false, timeouts: {implicit: 0, pageLoad: 300000, script: 30000}, unhandledPromptBehavior: dismiss and notify, webauthn:extension:credBlob: true, webauthn:extension:largeBlob: true, webauthn:extension:minPinLength: true, webauthn:extension:prf: true, webauthn:virtualAuthenticators: true}
Session ID: fc9bf6238c5d14cfa151e36d4ac35486
	at org.openqa.selenium.remote.codec.w3c.W3CHttpResponseCodec.createException(W3CHttpResponseCodec.java:200)
	at org.openqa.selenium.remote.codec.w3c.W3CHttpResponseCodec.decode(W3CHttpResponseCodec.java:133)
	at org.openqa.selenium.remote.codec.w3c.W3CHttpResponseCodec.decode(W3CHttpResponseCodec.java:52)
	at org.openqa.selenium.remote.HttpCommandExecutor.execute(HttpCommandExecutor.java:191)
	at org.openqa.selenium.remote.service.DriverCommandExecutor.invokeExecute(DriverCommandExecutor.java:200)
	at org.openqa.selenium.remote.service.DriverCommandExecutor.execute(DriverCommandExecutor.java:175)
	at org.openqa.selenium.remote.RemoteWebDriver.execute(RemoteWebDriver.java:607)
	at org.openqa.selenium.remote.ElementLocation$ElementFinder$2.findElement(ElementLocation.java:165)
	at org.openqa.selenium.remote.ElementLocation.findElement(ElementLocation.java:59)
	at org.openqa.selenium.remote.RemoteWebDriver.findElement(RemoteWebDriver.java:364)
	at org.openqa.selenium.remote.RemoteWebDriver.findElement(RemoteWebDriver.java:358)
	at elementRepository.ManageExpense.clickFileInViewMore(ManageExpense.java:278)
	at testCase.ManageExpenseTest.tc03_SearchDataInExpenseTable(ManageExpenseTest.java:100)
	at java.base/java.util.ArrayList.forEach(ArrayList.java:1511)
	at java.base/java.util.concurrent.FutureTask.run(FutureTask.java:264)
	at java.base/java.util.concurrent.ThreadPoolExecutor.runWorker(ThreadPoolExecutor.java:1136)
	at java.base/java.util.concurrent.ThreadPoolExecutor$Worker.run(ThreadPoolExecutor.java:635)
	at java.base/java.lang.Thread.run(Thread.java:833)
... Removed 22 stack frames
</div> <!-- stack-trace -->
                </div> <!-- method-content -->
              </div> <!-- method -->
              <div class="method">
                <div class="method-content">
                  <a name="tc04_EditExpenseSavedData03">
                  </a> <!-- tc04_EditExpenseSavedData03 -->
                  <span class="method-name">tc04_EditExpenseSavedData03</span>
                  <div class="stack-trace">org.openqa.selenium.ElementClickInterceptedException: element click intercepted: Element is not clickable at point (342, 766)
  (Session info: chrome=121.0.6167.87)
Build info: version: &apos;4.15.0&apos;, revision: &apos;1d14b5521b&apos;
System info: os.name: &apos;Windows 11&apos;, os.arch: &apos;amd64&apos;, os.version: &apos;10.0&apos;, java.version: &apos;17.0.8&apos;
Driver info: org.openqa.selenium.chrome.ChromeDriver
Command: [eb6913487745a724449dca9952dcbc79, clickElement {id=BA7AB94974AA0550141EF0C75707FC58_element_9981}]
Capabilities {acceptInsecureCerts: false, browserName: chrome, browserVersion: 121.0.6167.87, chrome: {chromedriverVersion: 121.0.6167.85 (3f98d690ad7e..., userDataDir: C:\Users\DHIVIY~1\AppData\L...}, fedcm:accounts: true, goog:chromeOptions: {debuggerAddress: localhost:52457}, networkConnectionEnabled: false, pageLoadStrategy: normal, platformName: windows, proxy: Proxy(), se:cdp: ws://localhost:52457/devtoo..., se:cdpVersion: 121.0.6167.87, setWindowRect: true, strictFileInteractability: false, timeouts: {implicit: 0, pageLoad: 300000, script: 30000}, unhandledPromptBehavior: dismiss and notify, webauthn:extension:credBlob: true, webauthn:extension:largeBlob: true, webauthn:extension:minPinLength: true, webauthn:extension:prf: true, webauthn:virtualAuthenticators: true}
Element: [[ChromeDriver: chrome on windows (eb6913487745a724449dca9952dcbc79)] -&gt; xpath: //button[@class =&apos;btn btn-danger&apos;]]
Session ID: eb6913487745a724449dca9952dcbc79
	at org.openqa.selenium.remote.codec.w3c.W3CHttpResponseCodec.createException(W3CHttpResponseCodec.java:200)
	at org.openqa.selenium.remote.codec.w3c.W3CHttpResponseCodec.decode(W3CHttpResponseCodec.java:133)
	at org.openqa.selenium.remote.codec.w3c.W3CHttpResponseCodec.decode(W3CHttpResponseCodec.java:52)
	at org.openqa.selenium.remote.HttpCommandExecutor.execute(HttpCommandExecutor.java:191)
	at org.openqa.selenium.remote.service.DriverCommandExecutor.invokeExecute(DriverCommandExecutor.java:200)
	at org.openqa.selenium.remote.service.DriverCommandExecutor.execute(DriverCommandExecutor.java:175)
	at org.openqa.selenium.remote.RemoteWebDriver.execute(RemoteWebDriver.java:607)
	at org.openqa.selenium.remote.RemoteWebElement.execute(RemoteWebElement.java:224)
	at org.openqa.selenium.remote.RemoteWebElement.click(RemoteWebElement.java:77)
	at org.openqa.selenium.support.pagefactory.internal.LocatingElementHandler.invoke(LocatingElementHandler.java:51)
	at jdk.proxy2/jdk.proxy2.$Proxy15.click(Unknown Source)
	at elementRepository.ManageExpense.clickUpdateButton(ManageExpense.java:217)
	at testCase.ManageExpenseTest.tc04_EditExpenseSavedData03(ManageExpenseTest.java:137)
	at java.base/java.util.ArrayList.forEach(ArrayList.java:1511)
	at java.base/java.util.concurrent.FutureTask.run(FutureTask.java:264)
	at java.base/java.util.concurrent.ThreadPoolExecutor.runWorker(ThreadPoolExecutor.java:1136)
	at java.base/java.util.concurrent.ThreadPoolExecutor$Worker.run(ThreadPoolExecutor.java:635)
	at java.base/java.lang.Thread.run(Thread.java:833)
... Removed 25 stack frames
</div> <!-- stack-trace -->
                </div> <!-- method-content -->
              </div> <!-- method -->
              <div class="method">
                <div class="method-content">
                  <a name="tc05_DeleteExpenseSavedDatainTable">
                  </a> <!-- tc05_DeleteExpenseSavedDatainTable -->
                  <span class="method-name">tc05_DeleteExpenseSavedDatainTable</span>
                  <div class="stack-trace">java.lang.AssertionError: ::The delete Success message doesn&apos;t match expected [Alert!
Expense Record Deleted Successfully] but found [×
Alert!
Expense Record Deleted Successfully]
	at testCase.ManageExpenseTest.tc05_DeleteExpenseSavedDatainTable(ManageExpenseTest.java:165)
	at java.base/java.util.ArrayList.forEach(ArrayList.java:1511)
	at java.base/java.util.concurrent.FutureTask.run(FutureTask.java:264)
	at java.base/java.util.concurrent.ThreadPoolExecutor.runWorker(ThreadPoolExecutor.java:1136)
	at java.base/java.util.concurrent.ThreadPoolExecutor$Worker.run(ThreadPoolExecutor.java:635)
	at java.base/java.lang.Thread.run(Thread.java:833)
... Removed 22 stack frames
</div> <!-- stack-trace -->
                </div> <!-- method-content -->
              </div> <!-- method -->
              <div class="method">
                <div class="method-content">
                  <a name="tc05_DeleteExpenseSavedDatainTable">
                  </a> <!-- tc05_DeleteExpenseSavedDatainTable -->
                  <span class="method-name">tc05_DeleteExpenseSavedDatainTable</span>
                  <div class="stack-trace">java.lang.AssertionError: ::The delete Success message doesn&apos;t match expected [Alert!
Expense Record Deleted Successfully] but found [×
Alert!
Expense Record Deleted Successfully]
	at testCase.ManageExpenseTest.tc05_DeleteExpenseSavedDatainTable(ManageExpenseTest.java:165)
	at java.base/java.util.ArrayList.forEach(ArrayList.java:1511)
	at java.base/java.util.concurrent.FutureTask.run(FutureTask.java:264)
	at java.base/java.util.concurrent.ThreadPoolExecutor.runWorker(ThreadPoolExecutor.java:1136)
	at java.base/java.util.concurrent.ThreadPoolExecutor$Worker.run(ThreadPoolExecutor.java:635)
	at java.base/java.lang.Thread.run(Thread.java:833)
... Removed 22 stack frames
</div> <!-- stack-trace -->
                </div> <!-- method-content -->
              </div> <!-- method -->
              <div class="method">
                <div class="method-content">
                  <a name="tc05_DeleteExpenseSavedDatainTable">
                  </a> <!-- tc05_DeleteExpenseSavedDatainTable -->
                  <span class="method-name">tc05_DeleteExpenseSavedDatainTable</span>
                  <div class="stack-trace">java.lang.AssertionError: ::The delete Success message doesn&apos;t match expected [Alert!
Expense Record Deleted Successfully] but found [×
Alert!
Expense Record Deleted Successfully]
	at testCase.ManageExpenseTest.tc05_DeleteExpenseSavedDatainTable(ManageExpenseTest.java:165)
	at java.base/java.util.ArrayList.forEach(ArrayList.java:1511)
	at java.base/java.util.concurrent.FutureTask.run(FutureTask.java:264)
	at java.base/java.util.concurrent.ThreadPoolExecutor.runWorker(ThreadPoolExecutor.java:1136)
	at java.base/java.util.concurrent.ThreadPoolExecutor$Worker.run(ThreadPoolExecutor.java:635)
	at java.base/java.lang.Thread.run(Thread.java:833)
... Removed 22 stack frames
</div> <!-- stack-trace -->
                </div> <!-- method-content -->
              </div> <!-- method -->
            </div> <!-- main-panel-content rounded-window-bottom -->
          </div> <!-- suite-GroceryApplication-class-skipped -->
          <div class="suite-GroceryApplication-class-passed">
            <div class="main-panel-header rounded-window-top">
              <img src="passed.png"/>
              <span class="class-name">testCase.ManageExpenseTest</span>
            </div> <!-- main-panel-header rounded-window-top -->
            <div class="main-panel-content rounded-window-bottom">
              <div class="method">
                <div class="method-content">
                  <a name="tc01_VerifyExpenseCategoryNewTitleCreation01">
                  </a> <!-- tc01_VerifyExpenseCategoryNewTitleCreation01 -->
                  <span class="method-name">tc01_VerifyExpenseCategoryNewTitleCreation01</span>
                </div> <!-- method-content -->
              </div> <!-- method -->
              <div class="method">
                <div class="method-content">
                  <a name="tc02_AddNewExpenseVerification02">
                  </a> <!-- tc02_AddNewExpenseVerification02 -->
                  <span class="method-name">tc02_AddNewExpenseVerification02</span>
                </div> <!-- method-content -->
              </div> <!-- method -->
              <div class="method">
                <div class="method-content">
                  <a name="tc04_EditExpenseSavedData03">
                  </a> <!-- tc04_EditExpenseSavedData03 -->
                  <span class="method-name">tc04_EditExpenseSavedData03</span>
                </div> <!-- method-content -->
              </div> <!-- method -->
            </div> <!-- main-panel-content rounded-window-bottom -->
          </div> <!-- suite-GroceryApplication-class-passed -->
        </div> <!-- panel GroceryApplication -->
        <div panel-name="test-xml-GroceryApplication" class="panel">
          <div class="main-panel-header rounded-window-top">
            <span class="header-content">C:\Users\DhiviyaPrakash\git\Selenium-project-repository\7rMart\TestNewTestcases.xml</span>
          </div> <!-- main-panel-header rounded-window-top -->
          <div class="main-panel-content rounded-window-bottom">
            <pre>
&lt;?xml version=&quot;1.0&quot; encoding=&quot;UTF-8&quot;?&gt;
&lt;!DOCTYPE suite SYSTEM &quot;https://testng.org/testng-1.0.dtd&quot;&gt;
&lt;suite thread-count=&quot;1&quot; parallel=&quot;tests&quot; name=&quot;GroceryApplication&quot;&gt;
  &lt;listeners&gt;
    &lt;listener class-name=&quot;utilities.RetryListener&quot;/&gt;
    &lt;listener class-name=&quot;utilities.ExtenetReport&quot;/&gt;
  &lt;/listeners&gt;
  &lt;test thread-count=&quot;1&quot; parallel=&quot;tests&quot; name=&quot;ChromeTest&quot;&gt;
    &lt;parameter name=&quot;Group&quot; value=&quot;Chrome&quot;/&gt;
    &lt;groups&gt;
      &lt;run&gt;
        &lt;exclude name=&quot;Regression&quot;/&gt;
      &lt;/run&gt;
    &lt;/groups&gt;
    &lt;classes&gt;
      &lt;class name=&quot;testCase.ManageExpenseTest&quot;/&gt;
    &lt;/classes&gt;
  &lt;/test&gt; &lt;!-- ChromeTest --&gt;
&lt;/suite&gt; &lt;!-- GroceryApplication --&gt;
            </pre>
          </div> <!-- main-panel-content rounded-window-bottom -->
        </div> <!-- panel -->
        <div panel-name="testlist-GroceryApplication" class="panel">
          <div class="main-panel-header rounded-window-top">
            <span class="header-content">Tests for GroceryApplication</span>
          </div> <!-- main-panel-header rounded-window-top -->
          <div class="main-panel-content rounded-window-bottom">
            <ul>
              <li>
                <span class="test-name">ChromeTest (1 class)</span>
              </li>
            </ul>
          </div> <!-- main-panel-content rounded-window-bottom -->
        </div> <!-- panel -->
        <div panel-name="group-GroceryApplication" class="panel">
          <div class="main-panel-header rounded-window-top">
            <span class="header-content">Groups for GroceryApplication</span>
          </div> <!-- main-panel-header rounded-window-top -->
          <div class="main-panel-content rounded-window-bottom">
            <div class="test-group">
              <span class="test-group-name">smokeTest</span>
              <br/>
              <div class="method-in-group">
                <span class="method-in-group-name">tc02_AddNewExpenseVerification02</span>
                <br/>
              </div> <!-- method-in-group -->
              <div class="method-in-group">
                <span class="method-in-group-name">tc03_SearchDataInExpenseTable</span>
                <br/>
              </div> <!-- method-in-group -->
              <div class="method-in-group">
                <span class="method-in-group-name">tc04_EditExpenseSavedData03</span>
                <br/>
              </div> <!-- method-in-group -->
              <div class="method-in-group">
                <span class="method-in-group-name">tc05_DeleteExpenseSavedDatainTable</span>
                <br/>
              </div> <!-- method-in-group -->
            </div> <!-- test-group -->
          </div> <!-- main-panel-content rounded-window-bottom -->
        </div> <!-- panel -->
        <div panel-name="times-GroceryApplication" class="panel">
          <div class="main-panel-header rounded-window-top">
            <span class="header-content">Times for GroceryApplication</span>
          </div> <!-- main-panel-header rounded-window-top -->
          <div class="main-panel-content rounded-window-bottom">
            <div class="times-div">
              <script type="text/javascript">
suiteTableInitFunctions.push('tableData_GroceryApplication');
function tableData_GroceryApplication() {
var data = new google.visualization.DataTable();
data.addColumn('number', 'Number');
data.addColumn('string', 'Method');
data.addColumn('string', 'Class');
data.addColumn('number', 'Time (ms)');
data.addRows(12);
data.setCell(0, 0, 0)
data.setCell(0, 1, 'tc03_SearchDataInExpenseTable')
data.setCell(0, 2, 'testCase.ManageExpenseTest')
data.setCell(0, 3, 30045);
data.setCell(1, 0, 1)
data.setCell(1, 1, 'tc03_SearchDataInExpenseTable')
data.setCell(1, 2, 'testCase.ManageExpenseTest')
data.setCell(1, 3, 29790);
data.setCell(2, 0, 2)
data.setCell(2, 1, 'tc03_SearchDataInExpenseTable')
data.setCell(2, 2, 'testCase.ManageExpenseTest')
data.setCell(2, 3, 29473);
data.setCell(3, 0, 3)
data.setCell(3, 1, 'tc03_SearchDataInExpenseTable')
data.setCell(3, 2, 'testCase.ManageExpenseTest')
data.setCell(3, 3, 29040);
data.setCell(4, 0, 4)
data.setCell(4, 1, 'tc02_AddNewExpenseVerification02')
data.setCell(4, 2, 'testCase.ManageExpenseTest')
data.setCell(4, 3, 8664);
data.setCell(5, 0, 5)
data.setCell(5, 1, 'tc04_EditExpenseSavedData03')
data.setCell(5, 2, 'testCase.ManageExpenseTest')
data.setCell(5, 3, 5428);
data.setCell(6, 0, 6)
data.setCell(6, 1, 'tc04_EditExpenseSavedData03')
data.setCell(6, 2, 'testCase.ManageExpenseTest')
data.setCell(6, 3, 4041);
data.setCell(7, 0, 7)
data.setCell(7, 1, 'tc01_VerifyExpenseCategoryNewTitleCreation01')
data.setCell(7, 2, 'testCase.ManageExpenseTest')
data.setCell(7, 3, 3105);
data.setCell(8, 0, 8)
data.setCell(8, 1, 'tc05_DeleteExpenseSavedDatainTable')
data.setCell(8, 2, 'testCase.ManageExpenseTest')
data.setCell(8, 3, 2658);
data.setCell(9, 0, 9)
data.setCell(9, 1, 'tc05_DeleteExpenseSavedDatainTable')
data.setCell(9, 2, 'testCase.ManageExpenseTest')
data.setCell(9, 3, 2625);
data.setCell(10, 0, 10)
data.setCell(10, 1, 'tc05_DeleteExpenseSavedDatainTable')
data.setCell(10, 2, 'testCase.ManageExpenseTest')
data.setCell(10, 3, 2625);
data.setCell(11, 0, 11)
data.setCell(11, 1, 'tc05_DeleteExpenseSavedDatainTable')
data.setCell(11, 2, 'testCase.ManageExpenseTest')
data.setCell(11, 3, 2538);
window.suiteTableData['GroceryApplication']= { tableData: data, tableDiv: 'times-div-GroceryApplication'}
return data;
}
              </script>
              <span class="suite-total-time">Total running time: 3 minutes</span>
              <div id="times-div-GroceryApplication">
              </div> <!-- times-div-GroceryApplication -->
            </div> <!-- times-div -->
          </div> <!-- main-panel-content rounded-window-bottom -->
        </div> <!-- panel -->
        <div panel-name="reporter-GroceryApplication" class="panel">
          <div class="main-panel-header rounded-window-top">
            <span class="header-content">Reporter output for GroceryApplication</span>
          </div> <!-- main-panel-header rounded-window-top -->
          <div class="main-panel-content rounded-window-bottom">
          </div> <!-- main-panel-content rounded-window-bottom -->
        </div> <!-- panel -->
        <div panel-name="ignored-methods-GroceryApplication" class="panel">
          <div class="main-panel-header rounded-window-top">
            <span class="header-content">0 ignored methods</span>
          </div> <!-- main-panel-header rounded-window-top -->
          <div class="main-panel-content rounded-window-bottom">
          </div> <!-- main-panel-content rounded-window-bottom -->
        </div> <!-- panel -->
        <div panel-name="chronological-GroceryApplication" class="panel">
          <div class="main-panel-header rounded-window-top">
            <span class="header-content">Methods in chronological order</span>
          </div> <!-- main-panel-header rounded-window-top -->
          <div class="main-panel-content rounded-window-bottom">
            <div class="chronological-class">
              <div class="chronological-class-name">testCase.ManageExpenseTest</div> <!-- chronological-class-name -->
              <div class="configuration-method before">
                <span class="method-name">beforeMethod(Chrome)</span>
                <span class="method-start">0 ms</span>
              </div> <!-- configuration-method before -->
              <div class="test-method">
                <span class="method-name">tc01_VerifyExpenseCategoryNewTitleCreation01</span>
                <span class="method-start">3980 ms</span>
              </div> <!-- test-method -->
              <div class="configuration-method after">
                <span class="method-name">afterMethode([TestResult name=tc01_VerifyExpenseCategoryNewTitleCreation01 status=SUCCESS method=ManageExpenseTes...)</span>
                <span class="method-start">7468 ms</span>
              </div> <!-- configuration-method after -->
              <div class="configuration-method before">
                <span class="method-name">beforeMethod(Chrome)</span>
                <span class="method-start">7795 ms</span>
              </div> <!-- configuration-method before -->
              <div class="test-method">
                <span class="method-name">tc02_AddNewExpenseVerification02</span>
                <span class="method-start">10371 ms</span>
              </div> <!-- test-method -->
              <div class="configuration-method after">
                <span class="method-name">afterMethode([TestResult name=tc02_AddNewExpenseVerification02 status=SUCCESS method=ManageExpenseTest.tc02_AddNe...)</span>
                <span class="method-start">19035 ms</span>
              </div> <!-- configuration-method after -->
              <div class="configuration-method before">
                <span class="method-name">beforeMethod(Chrome)</span>
                <span class="method-start">19387 ms</span>
              </div> <!-- configuration-method before -->
              <div class="test-method">
                <span class="method-name">tc03_SearchDataInExpenseTable</span>
                <span class="method-start">21955 ms</span>
              </div> <!-- test-method -->
              <div class="configuration-method after">
                <span class="method-name">afterMethode([TestResult name=tc03_SearchDataInExpenseTable status=SKIP method=ManageExpenseTest.tc03_SearchDataI...)</span>
                <span class="method-start">51745 ms</span>
              </div> <!-- configuration-method after -->
              <div class="configuration-method before">
                <span class="method-name">beforeMethod(Chrome)</span>
                <span class="method-start">52135 ms</span>
              </div> <!-- configuration-method before -->
              <div class="test-method">
                <span class="method-name">tc03_SearchDataInExpenseTable</span>
                <span class="method-start">54650 ms</span>
              </div> <!-- test-method -->
              <div class="configuration-method after">
                <span class="method-name">afterMethode([TestResult name=tc03_SearchDataInExpenseTable status=SKIP method=ManageExpenseTest.tc03_SearchDataI...)</span>
                <span class="method-start">84695 ms</span>
              </div> <!-- configuration-method after -->
              <div class="configuration-method before">
                <span class="method-name">beforeMethod(Chrome)</span>
                <span class="method-start">85035 ms</span>
              </div> <!-- configuration-method before -->
              <div class="test-method">
                <span class="method-name">tc03_SearchDataInExpenseTable</span>
                <span class="method-start">87605 ms</span>
              </div> <!-- test-method -->
              <div class="configuration-method after">
                <span class="method-name">afterMethode([TestResult name=tc03_SearchDataInExpenseTable status=SKIP method=ManageExpenseTest.tc03_SearchDataI...)</span>
                <span class="method-start">116645 ms</span>
              </div> <!-- configuration-method after -->
              <div class="configuration-method before">
                <span class="method-name">beforeMethod(Chrome)</span>
                <span class="method-start">116970 ms</span>
              </div> <!-- configuration-method before -->
              <div class="test-method">
                <img src="failed.png">
                </img>
                <span class="method-name">tc03_SearchDataInExpenseTable</span>
                <span class="method-start">119651 ms</span>
              </div> <!-- test-method -->
              <div class="configuration-method after">
                <span class="method-name">afterMethode([TestResult name=tc03_SearchDataInExpenseTable status=FAILURE method=ManageExpenseTest.tc03_SearchDa...)</span>
                <span class="method-start">149130 ms</span>
              </div> <!-- configuration-method after -->
              <div class="configuration-method before">
                <span class="method-name">beforeMethod(Chrome)</span>
                <span class="method-start">149661 ms</span>
              </div> <!-- configuration-method before -->
              <div class="test-method">
                <span class="method-name">tc04_EditExpenseSavedData03</span>
                <span class="method-start">152183 ms</span>
              </div> <!-- test-method -->
              <div class="configuration-method after">
                <span class="method-name">afterMethode([TestResult name=tc04_EditExpenseSavedData03 status=SKIP method=ManageExpenseTest.tc04_EditExpenseSa...)</span>
                <span class="method-start">156224 ms</span>
              </div> <!-- configuration-method after -->
              <div class="configuration-method before">
                <span class="method-name">beforeMethod(Chrome)</span>
                <span class="method-start">156527 ms</span>
              </div> <!-- configuration-method before -->
              <div class="test-method">
                <span class="method-name">tc04_EditExpenseSavedData03</span>
                <span class="method-start">159034 ms</span>
              </div> <!-- test-method -->
              <div class="configuration-method after">
                <span class="method-name">afterMethode([TestResult name=tc04_EditExpenseSavedData03 status=SUCCESS method=ManageExpenseTest.tc04_EditExpens...)</span>
                <span class="method-start">164463 ms</span>
              </div> <!-- configuration-method after -->
              <div class="configuration-method before">
                <span class="method-name">beforeMethod(Chrome)</span>
                <span class="method-start">164731 ms</span>
              </div> <!-- configuration-method before -->
              <div class="test-method">
                <span class="method-name">tc05_DeleteExpenseSavedDatainTable</span>
                <span class="method-start">167731 ms</span>
              </div> <!-- test-method -->
              <div class="configuration-method after">
                <span class="method-name">afterMethode([TestResult name=tc05_DeleteExpenseSavedDatainTable status=SKIP method=ManageExpenseTest.tc05_Delete...)</span>
                <span class="method-start">170271 ms</span>
              </div> <!-- configuration-method after -->
              <div class="configuration-method before">
                <span class="method-name">beforeMethod(Chrome)</span>
                <span class="method-start">170653 ms</span>
              </div> <!-- configuration-method before -->
              <div class="test-method">
                <span class="method-name">tc05_DeleteExpenseSavedDatainTable</span>
                <span class="method-start">173493 ms</span>
              </div> <!-- test-method -->
              <div class="configuration-method after">
                <span class="method-name">afterMethode([TestResult name=tc05_DeleteExpenseSavedDatainTable status=SKIP method=ManageExpenseTest.tc05_Delete...)</span>
                <span class="method-start">176119 ms</span>
              </div> <!-- configuration-method after -->
              <div class="configuration-method before">
                <span class="method-name">beforeMethod(Chrome)</span>
                <span class="method-start">176427 ms</span>
              </div> <!-- configuration-method before -->
              <div class="test-method">
                <span class="method-name">tc05_DeleteExpenseSavedDatainTable</span>
                <span class="method-start">179127 ms</span>
              </div> <!-- test-method -->
              <div class="configuration-method after">
                <span class="method-name">afterMethode([TestResult name=tc05_DeleteExpenseSavedDatainTable status=SKIP method=ManageExpenseTest.tc05_Delete...)</span>
                <span class="method-start">181754 ms</span>
              </div> <!-- configuration-method after -->
              <div class="configuration-method before">
                <span class="method-name">beforeMethod(Chrome)</span>
                <span class="method-start">182043 ms</span>
              </div> <!-- configuration-method before -->
              <div class="test-method">
                <img src="failed.png">
                </img>
                <span class="method-name">tc05_DeleteExpenseSavedDatainTable</span>
                <span class="method-start">184703 ms</span>
              </div> <!-- test-method -->
              <div class="configuration-method after">
                <span class="method-name">afterMethode([TestResult name=tc05_DeleteExpenseSavedDatainTable status=FAILURE method=ManageExpenseTest.tc05_Del...)</span>
                <span class="method-start">187362 ms</span>
              </div> <!-- configuration-method after -->
          </div> <!-- main-panel-content rounded-window-bottom -->
        </div> <!-- panel -->
      </div> <!-- main-panel-root -->
    </div> <!-- wrapper -->
  </body>
<script type="text/javascript" src="testng-reports2.js"></script>
</html>
